<?xml version="1.0" encoding="UTF-8"?>
<testsuite xmlns:xsi="http://www.w3.org/2001/XMLSchema-instance" xsi:noNamespaceSchemaLocation="https://maven.apache.org/surefire/maven-surefire-plugin/xsd/surefire-test-report.xsd" name="org.springframework.samples.petclinic.owner.PetTypeFormatterTests" time="0.059" tests="3" errors="0" skipped="0" failures="0">
  <properties>
[...]
</properties>
  <testcase name="shouldThrowParseException" classname="org.springframework.samples.petclinic.owner.PetTypeFormatterTests" time="0.052"/>
  <testcase name="testPrint" classname="org.springframework.samples.petclinic.owner.PetTypeFormatterTests" time="0.001"/>
  <testcase name="shouldParse" classname="org.springframework.samples.petclinic.owner.PetTypeFormatterTests" time="0.002"/>
</testsuite>